<?xml version="1.0" encoding="UTF-8"?>
<!-- Generated by org.testng.reporters.JUnitReportReporter -->
<testsuite skipped="0" hostname="DESKTOP-5O3HFDN" name="com.MavenHybrideFramework.testCases.TC_LoginTest_001" tests="1" failures="0" timestamp="17 May 2020 07:06:38 GMT" time="2.561" errors="0">
  <testcase name="loginTest" time="2.561" classname="com.MavenHybrideFramework.testCases.TC_LoginTest_001"/>
</testsuite> <!-- com.MavenHybrideFramework.testCases.TC_LoginTest_001 -->
